Copyright 1986-2022 Xilinx, Inc. All Rights Reserved. Copyright 2022-2025 Advanced Micro Devices, Inc. All Rights Reserved.
---------------------------------------------------------------------------------------------------------------------------------------------------------------------------------------------------------------------------------------------
| Tool Version : Vivado v.2025.2 (win64) Build 6299465 Fri Nov 14 19:35:11 GMT 2025
| Date         : Wed Mar  4 09:26:37 2026
| Host         : PC-631 running 64-bit major release  (build 9200)
| Command      : report_timing_summary -max_paths 10 -routable_nets -report_unconstrained -file segment_top_timing_summary_routed.rpt -pb segment_top_timing_summary_routed.pb -rpx segment_top_timing_summary_routed.rpx -warn_on_violation
| Design       : segment_top
| Device       : 7a50ti-csg324
| Speed File   : -1L  PRODUCTION 1.23 2018-06-13
| Design State : Routed
---------------------------------------------------------------------------------------------------------------------------------------------------------------------------------------------------------------------------------------------

Timing Summary Report

------------------------------------------------------------------------------------------------
| Timer Settings
| --------------
------------------------------------------------------------------------------------------------

  Enable Multi Corner Analysis               :  Yes
  Enable Pessimism Removal                   :  Yes
  Pessimism Removal Resolution               :  Nearest Common Node
  Enable Input Delay Default Clock           :  No
  Enable Preset / Clear Arcs                 :  No
  Disable Flight Delays                      :  No
  Ignore I/O Paths                           :  No
  Timing Early Launch at Borrowing Latches   :  No
  Borrow Time for Max Delay Exceptions       :  Yes
  Merge Timing Exceptions                    :  Yes
  Inter-SLR Compensation                     :  Conservative

  Corner  Analyze    Analyze    
  Name    Max Paths  Min Paths  
  ------  ---------  ---------  
  Slow    Yes        Yes        
  Fast    Yes        Yes        


------------------------------------------------------------------------------------------------
| Report Methodology
| ------------------
------------------------------------------------------------------------------------------------

No report available as report_methodology has not been run prior. Run report_methodology on the current design for the summary of methodology violations.



check_timing report

Table of Contents
-----------------
1. checking no_clock (0)
2. checking constant_clock (0)
3. checking pulse_width_clock (0)
4. checking unconstrained_internal_endpoints (0)
5. checking no_input_delay (0)
6. checking no_output_delay (0)
7. checking multiple_clock (0)
8. checking generated_clocks (0)
9. checking loops (0)
10. checking partial_input_delay (0)
11. checking partial_output_delay (0)
12. checking latch_loops (0)

1. checking no_clock (0)
------------------------
 There are 0 register/latch pins with no clock.


2. checking constant_clock (0)
------------------------------
 There are 0 register/latch pins with constant_clock.


3. checking pulse_width_clock (0)
---------------------------------
 There are 0 register/latch pins which need pulse_width check


4. checking unconstrained_internal_endpoints (0)
------------------------------------------------
 There are 0 pins that are not constrained for maximum delay.

 There are 0 pins that are not constrained for maximum delay due to constant clock.


5. checking no_input_delay (0)
------------------------------
 There are 0 input ports with no input delay specified.

 There are 0 input ports with no input delay but user has a false path constraint.


6. checking no_output_delay (0)
-------------------------------
 There are 0 ports with no output delay specified.

 There are 0 ports with no output delay but user has a false path constraint

 There are 0 ports with no output delay but with a timing clock defined on it or propagating through it


7. checking multiple_clock (0)
------------------------------
 There are 0 register/latch pins with multiple clocks.


8. checking generated_clocks (0)
--------------------------------
 There are 0 generated clocks that are not connected to a clock source.


9. checking loops (0)
---------------------
 There are 0 combinational loops in the design.


10. checking partial_input_delay (0)
------------------------------------
 There are 0 input ports with partial input delay specified.


11. checking partial_output_delay (0)
-------------------------------------
 There are 0 ports with partial output delay specified.


12. checking latch_loops (0)
----------------------------
 There are 0 combinational latch loops in the design through latch input



------------------------------------------------------------------------------------------------
| Design Timing Summary
| ---------------------
------------------------------------------------------------------------------------------------

    WNS(ns)      TNS(ns)  TNS Failing Endpoints  TNS Total Endpoints      WHS(ns)      THS(ns)  THS Failing Endpoints  THS Total Endpoints     WPWS(ns)     TPWS(ns)  TPWS Failing Endpoints  TPWS Total Endpoints  
    -------      -------  ---------------------  -------------------      -------      -------  ---------------------  -------------------     --------     --------  ----------------------  --------------------  
        inf        0.000                      0                    7          inf        0.000                      0                    7           NA           NA                      NA                    NA  


There are no user specified timing constraints.


------------------------------------------------------------------------------------------------
| Clock Summary
| -------------
------------------------------------------------------------------------------------------------


------------------------------------------------------------------------------------------------
| Intra Clock Table
| -----------------
------------------------------------------------------------------------------------------------

Clock             WNS(ns)      TNS(ns)  TNS Failing Endpoints  TNS Total Endpoints      WHS(ns)      THS(ns)  THS Failing Endpoints  THS Total Endpoints     WPWS(ns)     TPWS(ns)  TPWS Failing Endpoints  TPWS Total Endpoints  
-----             -------      -------  ---------------------  -------------------      -------      -------  ---------------------  -------------------     --------     --------  ----------------------  --------------------  


------------------------------------------------------------------------------------------------
| Inter Clock Table
| -----------------
------------------------------------------------------------------------------------------------

From Clock    To Clock          WNS(ns)      TNS(ns)  TNS Failing Endpoints  TNS Total Endpoints      WHS(ns)      THS(ns)  THS Failing Endpoints  THS Total Endpoints  
----------    --------          -------      -------  ---------------------  -------------------      -------      -------  ---------------------  -------------------  


------------------------------------------------------------------------------------------------
| Other Path Groups Table
| -----------------------
------------------------------------------------------------------------------------------------

Path Group    From Clock    To Clock          WNS(ns)      TNS(ns)  TNS Failing Endpoints  TNS Total Endpoints      WHS(ns)      THS(ns)  THS Failing Endpoints  THS Total Endpoints  
----------    ----------    --------          -------      -------  ---------------------  -------------------      -------      -------  ---------------------  -------------------  


------------------------------------------------------------------------------------------------
| User Ignored Path Table
| -----------------------
------------------------------------------------------------------------------------------------

Path Group    From Clock    To Clock    
----------    ----------    --------    


------------------------------------------------------------------------------------------------
| Unconstrained Path Table
| ------------------------
------------------------------------------------------------------------------------------------

Path Group    From Clock    To Clock    
----------    ----------    --------    
(none)                                    


------------------------------------------------------------------------------------------------
| Timing Details
| --------------
------------------------------------------------------------------------------------------------


--------------------------------------------------------------------------------------
Path Group:  (none)
From Clock:  
  To Clock:  

Max Delay             7 Endpoints
Min Delay             7 Endpoints
--------------------------------------------------------------------------------------


Max Delay Paths
--------------------------------------------------------------------------------------
Slack:                    inf
  Source:                 sw[0]
                            (input port)
  Destination:            seg[5]
                            (output port)
  Path Group:             (none)
  Path Type:              Max at Slow Process Corner
  Data Path Delay:        10.474ns  (logic 5.383ns (51.397%)  route 5.091ns (48.603%))
  Logic Levels:           3  (IBUF=1 LUT4=1 OBUF=1)

    Location             Delay type                Incr(ns)  Path(ns)    Netlist Resource(s)
  -------------------------------------------------------------------    -------------------
    J15                                               0.000     0.000 r  sw[0] (IN)
                         net (fo=0)                   0.000     0.000    sw[0]
    J15                  IBUF (Prop_ibuf_I_O)         1.491     1.491 r  sw_IBUF[0]_inst/O
                         net (fo=7, routed)           2.007     3.498    displ/sw_IBUF[0]
    SLICE_X0Y37          LUT4 (Prop_lut4_I2_O)        0.154     3.652 r  displ/seg_OBUF[5]_inst_i_1/O
                         net (fo=1, routed)           3.084     6.736    seg_OBUF[5]
    R10                  OBUF (Prop_obuf_I_O)         3.739    10.474 r  seg_OBUF[5]_inst/O
                         net (fo=0)                   0.000    10.474    seg[5]
    R10                                                               r  seg[5] (OUT)
  -------------------------------------------------------------------    -------------------

Slack:                    inf
  Source:                 sw[3]
                            (input port)
  Destination:            seg[6]
                            (output port)
  Path Group:             (none)
  Path Type:              Max at Slow Process Corner
  Data Path Delay:        10.014ns  (logic 5.132ns (51.248%)  route 4.882ns (48.752%))
  Logic Levels:           3  (IBUF=1 LUT4=1 OBUF=1)

    Location             Delay type                Incr(ns)  Path(ns)    Netlist Resource(s)
  -------------------------------------------------------------------    -------------------
    R15                                               0.000     0.000 r  sw[3] (IN)
                         net (fo=0)                   0.000     0.000    sw[3]
    R15                  IBUF (Prop_ibuf_I_O)         1.469     1.469 r  sw_IBUF[3]_inst/O
                         net (fo=7, routed)           1.954     3.422    displ/sw_IBUF[3]
    SLICE_X0Y37          LUT4 (Prop_lut4_I0_O)        0.124     3.546 r  displ/seg_OBUF[6]_inst_i_1/O
                         net (fo=1, routed)           2.929     6.475    seg_OBUF[6]
    T10                  OBUF (Prop_obuf_I_O)         3.539    10.014 r  seg_OBUF[6]_inst/O
                         net (fo=0)                   0.000    10.014    seg[6]
    T10                                                               r  seg[6] (OUT)
  -------------------------------------------------------------------    -------------------

Slack:                    inf
  Source:                 sw[1]
                            (input port)
  Destination:            seg[3]
                            (output port)
  Path Group:             (none)
  Path Type:              Max at Slow Process Corner
  Data Path Delay:        9.836ns  (logic 5.380ns (54.695%)  route 4.456ns (45.305%))
  Logic Levels:           3  (IBUF=1 LUT4=1 OBUF=1)

    Location             Delay type                Incr(ns)  Path(ns)    Netlist Resource(s)
  -------------------------------------------------------------------    -------------------
    L16                                               0.000     0.000 r  sw[1] (IN)
                         net (fo=0)                   0.000     0.000    sw[1]
    L16                  IBUF (Prop_ibuf_I_O)         1.484     1.484 r  sw_IBUF[1]_inst/O
                         net (fo=7, routed)           1.788     3.272    displ/sw_IBUF[1]
    SLICE_X0Y37          LUT4 (Prop_lut4_I3_O)        0.152     3.424 r  displ/seg_OBUF[3]_inst_i_1/O
                         net (fo=1, routed)           2.668     6.093    seg_OBUF[3]
    K13                  OBUF (Prop_obuf_I_O)         3.744     9.836 r  seg_OBUF[3]_inst/O
                         net (fo=0)                   0.000     9.836    seg[3]
    K13                                                               r  seg[3] (OUT)
  -------------------------------------------------------------------    -------------------

Slack:                    inf
  Source:                 sw[0]
                            (input port)
  Destination:            seg[1]
                            (output port)
  Path Group:             (none)
  Path Type:              Max at Slow Process Corner
  Data Path Delay:        9.620ns  (logic 5.151ns (53.550%)  route 4.468ns (46.450%))
  Logic Levels:           3  (IBUF=1 LUT4=1 OBUF=1)

    Location             Delay type                Incr(ns)  Path(ns)    Netlist Resource(s)
  -------------------------------------------------------------------    -------------------
    J15                                               0.000     0.000 r  sw[0] (IN)
                         net (fo=0)                   0.000     0.000    sw[0]
    J15                  IBUF (Prop_ibuf_I_O)         1.491     1.491 r  sw_IBUF[0]_inst/O
                         net (fo=7, routed)           1.788     3.279    displ/sw_IBUF[0]
    SLICE_X0Y37          LUT4 (Prop_lut4_I2_O)        0.124     3.403 r  displ/seg_OBUF[1]_inst_i_1/O
                         net (fo=1, routed)           2.681     6.083    seg_OBUF[1]
    T11                  OBUF (Prop_obuf_I_O)         3.536     9.620 r  seg_OBUF[1]_inst/O
                         net (fo=0)                   0.000     9.620    seg[1]
    T11                                                               r  seg[1] (OUT)
  -------------------------------------------------------------------    -------------------

Slack:                    inf
  Source:                 sw[0]
                            (input port)
  Destination:            seg[4]
                            (output port)
  Path Group:             (none)
  Path Type:              Max at Slow Process Corner
  Data Path Delay:        9.227ns  (logic 5.120ns (55.492%)  route 4.107ns (44.508%))
  Logic Levels:           3  (IBUF=1 LUT4=1 OBUF=1)

    Location             Delay type                Incr(ns)  Path(ns)    Netlist Resource(s)
  -------------------------------------------------------------------    -------------------
    J15                                               0.000     0.000 f  sw[0] (IN)
                         net (fo=0)                   0.000     0.000    sw[0]
    J15                  IBUF (Prop_ibuf_I_O)         1.491     1.491 f  sw_IBUF[0]_inst/O
                         net (fo=7, routed)           2.007     3.498    displ/sw_IBUF[0]
    SLICE_X0Y37          LUT4 (Prop_lut4_I1_O)        0.124     3.622 r  displ/seg_OBUF[4]_inst_i_1/O
                         net (fo=1, routed)           2.100     5.722    seg_OBUF[4]
    K16                  OBUF (Prop_obuf_I_O)         3.506     9.227 r  seg_OBUF[4]_inst/O
                         net (fo=0)                   0.000     9.227    seg[4]
    K16                                                               r  seg[4] (OUT)
  -------------------------------------------------------------------    -------------------

Slack:                    inf
  Source:                 sw[1]
                            (input port)
  Destination:            seg[2]
                            (output port)
  Path Group:             (none)
  Path Type:              Max at Slow Process Corner
  Data Path Delay:        9.049ns  (logic 5.126ns (56.650%)  route 3.923ns (43.350%))
  Logic Levels:           3  (IBUF=1 LUT4=1 OBUF=1)

    Location             Delay type                Incr(ns)  Path(ns)    Netlist Resource(s)
  -------------------------------------------------------------------    -------------------
    L16                                               0.000     0.000 f  sw[1] (IN)
                         net (fo=0)                   0.000     0.000    sw[1]
    L16                  IBUF (Prop_ibuf_I_O)         1.484     1.484 f  sw_IBUF[1]_inst/O
                         net (fo=7, routed)           1.788     3.272    displ/sw_IBUF[1]
    SLICE_X0Y37          LUT4 (Prop_lut4_I1_O)        0.124     3.396 r  displ/seg_OBUF[2]_inst_i_1/O
                         net (fo=1, routed)           2.135     5.531    seg_OBUF[2]
    P15                  OBUF (Prop_obuf_I_O)         3.518     9.049 r  seg_OBUF[2]_inst/O
                         net (fo=0)                   0.000     9.049    seg[2]
    P15                                                               r  seg[2] (OUT)
  -------------------------------------------------------------------    -------------------

Slack:                    inf
  Source:                 sw[0]
                            (input port)
  Destination:            seg[0]
                            (output port)
  Path Group:             (none)
  Path Type:              Max at Slow Process Corner
  Data Path Delay:        8.887ns  (logic 5.381ns (60.552%)  route 3.506ns (39.448%))
  Logic Levels:           3  (IBUF=1 LUT4=1 OBUF=1)

    Location             Delay type                Incr(ns)  Path(ns)    Netlist Resource(s)
  -------------------------------------------------------------------    -------------------
    J15                                               0.000     0.000 r  sw[0] (IN)
                         net (fo=0)                   0.000     0.000    sw[0]
    J15                  IBUF (Prop_ibuf_I_O)         1.491     1.491 r  sw_IBUF[0]_inst/O
                         net (fo=7, routed)           1.788     3.279    displ/sw_IBUF[0]
    SLICE_X0Y37          LUT4 (Prop_lut4_I1_O)        0.150     3.429 r  displ/seg_OBUF[0]_inst_i_1/O
                         net (fo=1, routed)           1.718     5.147    seg_OBUF[0]
    L18                  OBUF (Prop_obuf_I_O)         3.740     8.887 r  seg_OBUF[0]_inst/O
                         net (fo=0)                   0.000     8.887    seg[0]
    L18                                                               r  seg[0] (OUT)
  -------------------------------------------------------------------    -------------------





Min Delay Paths
--------------------------------------------------------------------------------------
Slack:                    inf
  Source:                 sw[2]
                            (input port)
  Destination:            seg[0]
                            (output port)
  Path Group:             (none)
  Path Type:              Min at Fast Process Corner
  Data Path Delay:        2.322ns  (logic 1.587ns (68.360%)  route 0.735ns (31.640%))
  Logic Levels:           3  (IBUF=1 LUT4=1 OBUF=1)

    Location             Delay type                Incr(ns)  Path(ns)    Netlist Resource(s)
  -------------------------------------------------------------------    -------------------
    M13                                               0.000     0.000 r  sw[2] (IN)
                         net (fo=0)                   0.000     0.000    sw[2]
    M13                  IBUF (Prop_ibuf_I_O)         0.238     0.238 r  sw_IBUF[2]_inst/O
                         net (fo=7, routed)           0.373     0.611    displ/sw_IBUF[2]
    SLICE_X0Y37          LUT4 (Prop_lut4_I2_O)        0.048     0.659 r  displ/seg_OBUF[0]_inst_i_1/O
                         net (fo=1, routed)           0.362     1.021    seg_OBUF[0]
    L18                  OBUF (Prop_obuf_I_O)         1.301     2.322 r  seg_OBUF[0]_inst/O
                         net (fo=0)                   0.000     2.322    seg[0]
    L18                                                               r  seg[0] (OUT)
  -------------------------------------------------------------------    -------------------

Slack:                    inf
  Source:                 sw[2]
                            (input port)
  Destination:            seg[2]
                            (output port)
  Path Group:             (none)
  Path Type:              Min at Fast Process Corner
  Data Path Delay:        2.426ns  (logic 1.502ns (61.896%)  route 0.925ns (38.104%))
  Logic Levels:           3  (IBUF=1 LUT4=1 OBUF=1)

    Location             Delay type                Incr(ns)  Path(ns)    Netlist Resource(s)
  -------------------------------------------------------------------    -------------------
    M13                                               0.000     0.000 r  sw[2] (IN)
                         net (fo=0)                   0.000     0.000    sw[2]
    M13                  IBUF (Prop_ibuf_I_O)         0.238     0.238 r  sw_IBUF[2]_inst/O
                         net (fo=7, routed)           0.374     0.612    displ/sw_IBUF[2]
    SLICE_X0Y37          LUT4 (Prop_lut4_I2_O)        0.045     0.657 r  displ/seg_OBUF[2]_inst_i_1/O
                         net (fo=1, routed)           0.551     1.207    seg_OBUF[2]
    P15                  OBUF (Prop_obuf_I_O)         1.219     2.426 r  seg_OBUF[2]_inst/O
                         net (fo=0)                   0.000     2.426    seg[2]
    P15                                                               r  seg[2] (OUT)
  -------------------------------------------------------------------    -------------------

Slack:                    inf
  Source:                 sw[2]
                            (input port)
  Destination:            seg[4]
                            (output port)
  Path Group:             (none)
  Path Type:              Min at Fast Process Corner
  Data Path Delay:        2.507ns  (logic 1.490ns (59.419%)  route 1.017ns (40.581%))
  Logic Levels:           3  (IBUF=1 LUT4=1 OBUF=1)

    Location             Delay type                Incr(ns)  Path(ns)    Netlist Resource(s)
  -------------------------------------------------------------------    -------------------
    M13                                               0.000     0.000 r  sw[2] (IN)
                         net (fo=0)                   0.000     0.000    sw[2]
    M13                  IBUF (Prop_ibuf_I_O)         0.238     0.238 r  sw_IBUF[2]_inst/O
                         net (fo=7, routed)           0.502     0.740    displ/sw_IBUF[2]
    SLICE_X0Y37          LUT4 (Prop_lut4_I3_O)        0.045     0.785 r  displ/seg_OBUF[4]_inst_i_1/O
                         net (fo=1, routed)           0.516     1.300    seg_OBUF[4]
    K16                  OBUF (Prop_obuf_I_O)         1.207     2.507 r  seg_OBUF[4]_inst/O
                         net (fo=0)                   0.000     2.507    seg[4]
    K16                                                               r  seg[4] (OUT)
  -------------------------------------------------------------------    -------------------

Slack:                    inf
  Source:                 sw[2]
                            (input port)
  Destination:            seg[1]
                            (output port)
  Path Group:             (none)
  Path Type:              Min at Fast Process Corner
  Data Path Delay:        2.658ns  (logic 1.520ns (57.205%)  route 1.137ns (42.795%))
  Logic Levels:           3  (IBUF=1 LUT4=1 OBUF=1)

    Location             Delay type                Incr(ns)  Path(ns)    Netlist Resource(s)
  -------------------------------------------------------------------    -------------------
    M13                                               0.000     0.000 r  sw[2] (IN)
                         net (fo=0)                   0.000     0.000    sw[2]
    M13                  IBUF (Prop_ibuf_I_O)         0.238     0.238 r  sw_IBUF[2]_inst/O
                         net (fo=7, routed)           0.373     0.611    displ/sw_IBUF[2]
    SLICE_X0Y37          LUT4 (Prop_lut4_I1_O)        0.045     0.656 r  displ/seg_OBUF[1]_inst_i_1/O
                         net (fo=1, routed)           0.765     1.420    seg_OBUF[1]
    T11                  OBUF (Prop_obuf_I_O)         1.237     2.658 r  seg_OBUF[1]_inst/O
                         net (fo=0)                   0.000     2.658    seg[1]
    T11                                                               r  seg[1] (OUT)
  -------------------------------------------------------------------    -------------------

Slack:                    inf
  Source:                 sw[2]
                            (input port)
  Destination:            seg[3]
                            (output port)
  Path Group:             (none)
  Path Type:              Min at Fast Process Corner
  Data Path Delay:        2.724ns  (logic 1.590ns (58.393%)  route 1.133ns (41.607%))
  Logic Levels:           3  (IBUF=1 LUT4=1 OBUF=1)

    Location             Delay type                Incr(ns)  Path(ns)    Netlist Resource(s)
  -------------------------------------------------------------------    -------------------
    M13                                               0.000     0.000 r  sw[2] (IN)
                         net (fo=0)                   0.000     0.000    sw[2]
    M13                  IBUF (Prop_ibuf_I_O)         0.238     0.238 r  sw_IBUF[2]_inst/O
                         net (fo=7, routed)           0.374     0.612    displ/sw_IBUF[2]
    SLICE_X0Y37          LUT4 (Prop_lut4_I1_O)        0.049     0.661 r  displ/seg_OBUF[3]_inst_i_1/O
                         net (fo=1, routed)           0.759     1.420    seg_OBUF[3]
    K13                  OBUF (Prop_obuf_I_O)         1.303     2.724 r  seg_OBUF[3]_inst/O
                         net (fo=0)                   0.000     2.724    seg[3]
    K13                                                               r  seg[3] (OUT)
  -------------------------------------------------------------------    -------------------

Slack:                    inf
  Source:                 sw[2]
                            (input port)
  Destination:            seg[6]
                            (output port)
  Path Group:             (none)
  Path Type:              Min at Fast Process Corner
  Data Path Delay:        2.911ns  (logic 1.523ns (52.327%)  route 1.388ns (47.673%))
  Logic Levels:           3  (IBUF=1 LUT4=1 OBUF=1)

    Location             Delay type                Incr(ns)  Path(ns)    Netlist Resource(s)
  -------------------------------------------------------------------    -------------------
    M13                                               0.000     0.000 r  sw[2] (IN)
                         net (fo=0)                   0.000     0.000    sw[2]
    M13                  IBUF (Prop_ibuf_I_O)         0.238     0.238 r  sw_IBUF[2]_inst/O
                         net (fo=7, routed)           0.499     0.737    displ/sw_IBUF[2]
    SLICE_X0Y37          LUT4 (Prop_lut4_I1_O)        0.045     0.782 r  displ/seg_OBUF[6]_inst_i_1/O
                         net (fo=1, routed)           0.889     1.671    seg_OBUF[6]
    T10                  OBUF (Prop_obuf_I_O)         1.240     2.911 r  seg_OBUF[6]_inst/O
                         net (fo=0)                   0.000     2.911    seg[6]
    T10                                                               r  seg[6] (OUT)
  -------------------------------------------------------------------    -------------------

Slack:                    inf
  Source:                 sw[2]
                            (input port)
  Destination:            seg[5]
                            (output port)
  Path Group:             (none)
  Path Type:              Min at Fast Process Corner
  Data Path Delay:        3.028ns  (logic 1.583ns (52.298%)  route 1.444ns (47.702%))
  Logic Levels:           3  (IBUF=1 LUT4=1 OBUF=1)

    Location             Delay type                Incr(ns)  Path(ns)    Netlist Resource(s)
  -------------------------------------------------------------------    -------------------
    M13                                               0.000     0.000 r  sw[2] (IN)
                         net (fo=0)                   0.000     0.000    sw[2]
    M13                  IBUF (Prop_ibuf_I_O)         0.238     0.238 r  sw_IBUF[2]_inst/O
                         net (fo=7, routed)           0.502     0.740    displ/sw_IBUF[2]
    SLICE_X0Y37          LUT4 (Prop_lut4_I1_O)        0.044     0.784 r  displ/seg_OBUF[5]_inst_i_1/O
                         net (fo=1, routed)           0.943     1.726    seg_OBUF[5]
    R10                  OBUF (Prop_obuf_I_O)         1.301     3.028 r  seg_OBUF[5]_inst/O
                         net (fo=0)                   0.000     3.028    seg[5]
    R10                                                               r  seg[5] (OUT)
  -------------------------------------------------------------------    -------------------





